<?xml version="1.0" encoding="UTF-8"?>
<!-- Generated by org.testng.reporters.JUnitXMLReporter -->
<testsuite ignored="0" hostname="LKSRIWL-89LVZF2" failures="0" tests="5" name="Pipedrive_Deal_Verification" time="7.868" errors="0" timestamp="2022-07-04T09:10:05 IST">
  <testcase classname="tests.PipeDriveDealVerificationSuite" name="@BeforeClass beforeClass" time="7.749">
    <failure type="org.openqa.selenium.WebDriverException" message="unknown error: unexpected command response
  (Session info: chrome=103.0.5060.66)
Build info: version: &amp;apos;4.2.1&amp;apos;, revision: &amp;apos;ac4d0fdd4a&amp;apos;
System info: host: &amp;apos;LKSRIWL-89LVZF2&amp;apos;, ip: &amp;apos;172.30.160.1&amp;apos;, os.name: &amp;apos;Windows 10&amp;apos;, os.arch: &amp;apos;amd64&amp;apos;, os.version: &amp;apos;10.0&amp;apos;, java.version: &amp;apos;11.0.11&amp;apos;
Driver info: org.openqa.selenium.chrome.ChromeDriver
Command: [31d18550740353aae6e1501ab9b6eb52, clickElement {id=b28d9b15-6ba5-49ea-a47f-30d6fdcd449c}]
Capabilities {acceptInsecureCerts: false, browserName: chrome, browserVersion: 103.0.5060.66, chrome: {chromedriverVersion: 103.0.5060.53 (a1711811edd7..., userDataDir: C:\Users\Unirora\AppData\Lo...}, goog:chromeOptions: {debuggerAddress: localhost:57425}, networkConnectionEnabled: false, pageLoadStrategy: normal, platformName: WINDOWS, proxy: Proxy(), se:cdp: ws://localhost:57425/devtoo..., se:cdpVersion: 103.0.5060.66, setWindowRect: true, strictFileInteractability: false, timeouts: {implicit: 0, pageLoad: 300000, script: 30000}, unhandledPromptBehavior: dismiss and notify, webauthn:extension:credBlob: true, webauthn:extension:largeBlob: true, webauthn:virtualAuthenticators: true}
Element: [[ChromeDriver: chrome on WINDOWS (31d18550740353aae6e1501ab9b6eb52)] -&amp;gt; name: submit]
Session ID: 31d18550740353aae6e1501ab9b6eb52">
      <![CDATA[org.openqa.selenium.WebDriverException: unknown error: unexpected command response
  (Session info: chrome=103.0.5060.66)
Build info: version: '4.2.1', revision: 'ac4d0fdd4a'
System info: host: 'LKSRIWL-89LVZF2', ip: '172.30.160.1', os.name: 'Windows 10', os.arch: 'amd64', os.version: '10.0', java.version: '11.0.11'
Driver info: org.openqa.selenium.chrome.ChromeDriver
Command: [31d18550740353aae6e1501ab9b6eb52, clickElement {id=b28d9b15-6ba5-49ea-a47f-30d6fdcd449c}]
Capabilities {acceptInsecureCerts: false, browserName: chrome, browserVersion: 103.0.5060.66, chrome: {chromedriverVersion: 103.0.5060.53 (a1711811edd7..., userDataDir: C:\Users\Unirora\AppData\Lo...}, goog:chromeOptions: {debuggerAddress: localhost:57425}, networkConnectionEnabled: false, pageLoadStrategy: normal, platformName: WINDOWS, proxy: Proxy(), se:cdp: ws://localhost:57425/devtoo..., se:cdpVersion: 103.0.5060.66, setWindowRect: true, strictFileInteractability: false, timeouts: {implicit: 0, pageLoad: 300000, script: 30000}, unhandledPromptBehavior: dismiss and notify, webauthn:extension:credBlob: true, webauthn:extension:largeBlob: true, webauthn:virtualAuthenticators: true}
Element: [[ChromeDriver: chrome on WINDOWS (31d18550740353aae6e1501ab9b6eb52)] -> name: submit]
Session ID: 31d18550740353aae6e1501ab9b6eb52
at org.openqa.selenium.remote.codec.w3c.W3CHttpResponseCodec.createException(W3CHttpResponseCodec.java:200)
at org.openqa.selenium.remote.codec.w3c.W3CHttpResponseCodec.decode(W3CHttpResponseCodec.java:133)
at org.openqa.selenium.remote.codec.w3c.W3CHttpResponseCodec.decode(W3CHttpResponseCodec.java:53)
at org.openqa.selenium.remote.HttpCommandExecutor.execute(HttpCommandExecutor.java:184)
at org.openqa.selenium.remote.service.DriverCommandExecutor.invokeExecute(DriverCommandExecutor.java:167)
at org.openqa.selenium.remote.service.DriverCommandExecutor.execute(DriverCommandExecutor.java:142)
at org.openqa.selenium.remote.RemoteWebDriver.execute(RemoteWebDriver.java:551)
at org.openqa.selenium.remote.RemoteWebElement.execute(RemoteWebElement.java:257)
at org.openqa.selenium.remote.RemoteWebElement.click(RemoteWebElement.java:78)
at pageobjects.LoginPage.clickOnLoginButton(LoginPage.java:43)
at functions.LoginPageFunctions.loginToPipedrive(LoginPageFunctions.java:27)
at tests.PipeDriveDealVerificationSuite.beforeClass(PipeDriveDealVerificationSuite.java:110)
at java.base/java.util.ArrayList.forEach(ArrayList.java:1541)
at java.base/java.util.concurrent.FutureTask.run(FutureTask.java:264)
at java.base/java.util.concurrent.ThreadPoolExecutor.runWorker(ThreadPoolExecutor.java:1128)
at java.base/java.util.concurrent.ThreadPoolExecutor$Worker.run(ThreadPoolExecutor.java:628)
at java.base/java.lang.Thread.run(Thread.java:834)
... Removed 20 stack frames]]>
    </failure>
  </testcase> <!-- @BeforeClass beforeClass -->
  <testcase classname="tests.PipeDriveDealVerificationSuite" name="cleanUpData" time="0.0">
    <skipped/>
  </testcase> <!-- cleanUpData -->
  <testcase classname="tests.PipeDriveDealVerificationSuite" name="createAndVerifyDealDetails" time="0.0">
    <skipped/>
  </testcase> <!-- createAndVerifyDealDetails -->
  <testcase classname="tests.PipeDriveDealVerificationSuite" name="verifyDealCreationWithExistingContact" time="0.0">
    <skipped/>
  </testcase> <!-- verifyDealCreationWithExistingContact -->
  <testcase classname="tests.PipeDriveDealVerificationSuite" name="verifyProductCreationAndAttachingToDeal" time="0.0">
    <skipped/>
  </testcase> <!-- verifyProductCreationAndAttachingToDeal -->
  <testcase classname="tests.PipeDriveDealVerificationSuite" name="verifyDealLostWonAndConvert" time="0.0">
    <skipped/>
  </testcase> <!-- verifyDealLostWonAndConvert -->
</testsuite> <!-- Pipedrive_Deal_Verification -->
